<?xml version="1.0" encoding="UTF-8"?>
<testsuite xmlns:xsi="http://www.w3.org/2001/XMLSchema-instance" xsi:noNamespaceSchemaLocation="https://maven.apache.org/surefire/maven-surefire-plugin/xsd/surefire-test-report-3.0.xsd" version="3.0" name="runner.TestRunner" time="146.138" tests="8" errors="0" skipped="0" failures="0">
  <properties>
[...]
</properties>
  <testcase name="Validate Video blocker - Verify that the user can view the video blocker popup" classname="Validate Video blocker" time="5.439">
    <system-out><![CDATA[&amp#27;[38;5;112m[Appium]&amp#27;[0m Welcome to Appium v2.19.0
&amp#27;[38;5;112m[Appium]&amp#27;[0m Non-default server args:
&amp#27;[38;5;112m[Appium]&amp#27;[0m { address: &amp#27;[32m'127.0.0.1'&amp#27;[39m, port: &amp#27;[33m29684&amp#27;[39m }
&amp#27;[38;5;112m[Appium]&amp#27;[0m The autodetected Appium home path: C:\Users\srivi\.appium
&amp#27;[38;5;112m[Appium]&amp#27;[0m Attempting to load driver uiautomator2...
&amp#27;[38;5;112m[Appium]&amp#27;[0m Attempting to load driver xcuitest...
&amp#27;[38;5;112m[Appium]&amp#27;[0m Requiring driver at C:\Users\srivi\.appium\node_modules\appium-xcuitest-driver\build\index.js
&amp#27;[38;5;112m[Appium]&amp#27;[0m Requiring driver at C:\Users\srivi\.appium\node_modules\appium-uiautomator2-driver\build\index.js
&amp#27;[38;5;112m[Appium]&amp#27;[0m XCUITestDriver has been successfully loaded in 1.043s
&amp#27;[38;5;112m[Appium]&amp#27;[0m AndroidUiautomator2Driver has been successfully loaded in 1.995s
&amp#27;[38;5;112m[Appium]&amp#27;[0m Appium REST http interface listener started on http://127.0.0.1:29684
&amp#27;[38;5;112m[Appium]&amp#27;[0m Available drivers:
&amp#27;[38;5;112m[Appium]&amp#27;[0m   - uiautomator2@4.2.5 (automationName 'UiAutomator2')
&amp#27;[38;5;112m[Appium]&amp#27;[0m   - xcuitest@9.9.4 (automationName 'XCUITest')
&amp#27;[38;5;112m[Appium]&amp#27;[0m No plugins have been installed. Use the "appium plugin" command to install the one(s) you want to use.
&amp#27;[38;5;86m[HTTP]&amp#27;[0m &amp#27;[37m-->&amp#27;[39m &amp#27;[37mGET&amp#27;[39m &amp#27;[37m/status&amp#27;[39m &amp#27;[90m{}&amp#27;[39m
&amp#27;[38;5;127m[AppiumDriver@cee0]&amp#27;[0m Calling AppiumDriver.getStatus() with args: []
&amp#27;[38;5;127m[AppiumDriver@cee0]&amp#27;[0m Responding to client with driver.getStatus() result: {"ready":true,"message":"The server is ready to accept new connections","build":{"version":"2.19.0"}}
&amp#27;[38;5;86m[HTTP]&amp#27;[0m &amp#27;[37m<-- GET /status &amp#27;[39m&amp#27;[32m200&amp#27;[39m &amp#27;[90m6 ms - 111&amp#27;[39m &amp#27;[90m&amp#27;[39m
20:19:19.719 [main] INFO  logger.Log - Appium Server started at: http://127.0.0.1:29684/
20:19:32.585 [main] INFO  logger.Log - Driver Started....

@video-blocker
Scenario: Verify that the user can view the video blocker popup                  &amp#27;[90m# features/Video_Blocker.feature:7&amp#27;[0m
20:19:33.063 [main] INFO  logger.Log - Feature: Video_Blocker
20:19:33.063 [main] INFO  logger.Log - Package: features

    Verify that the user can view the video blocker popup Started...

20:19:33.071 [main] INFO  logger.Log - Verify that the user can view the video blocker popup Started...
  &amp#27;[32mGiven &amp#27;[0m&amp#27;[32mThe user is on the application's home page&amp#27;[0m                               &amp#27;[90m# stepdefinitions.VideoBlockerSteps.the_user_is_on_the_application_s_home_page()&amp#27;[0m
  &amp#27;[32mWhen &amp#27;[0m&amp#27;[32mThe user taps the shield icon next to search button&amp#27;[0m                       &amp#27;[90m# stepdefinitions.VideoBlockerSteps.the_user_taps_the_shield_icon_next_to_search_button()&amp#27;[0m
  &amp#27;[32mThen &amp#27;[0m&amp#27;[32mThe user should see the Video Blocker popup with buttons Cancel and Setup&amp#27;[0m &amp#27;[90m# stepdefinitions.VideoBlockerSteps.the_user_should_see_the_video_blocker_popup_with_buttons_cancel_and_setup()&amp#27;[0m
only.fail]]></system-out>
  </testcase>
  <testcase name="Validate Video blocker - Verify the Cancel functionality of the video blocker popup" classname="Validate Video blocker" time="5.552">
    <system-out><![CDATA[
@video-blocker
Scenario: Verify the Cancel functionality of the video blocker popup &amp#27;[90m# features/Video_Blocker.feature:11&amp#27;[0m
20:19:38.111 [main] INFO  logger.Log - Feature: Video_Blocker
20:19:38.111 [main] INFO  logger.Log - Package: features

    Verify the Cancel functionality of the video blocker popup Started...

20:19:38.113 [main] INFO  logger.Log - Verify the Cancel functionality of the video blocker popup Started...
Element not clickable (not displayed): Located by By.chained({AppiumBy.id: android:id/button3})
  &amp#27;[32mGiven &amp#27;[0m&amp#27;[32mThe user is on the application's home page&amp#27;[0m                   &amp#27;[90m# stepdefinitions.VideoBlockerSteps.the_user_is_on_the_application_s_home_page()&amp#27;[0m
  &amp#27;[32mGiven &amp#27;[0m&amp#27;[32mThe user is on the video blocker popup&amp#27;[0m                       &amp#27;[90m# stepdefinitions.VideoBlockerSteps.the_user_is_on_the_video_blocker_popup()&amp#27;[0m
  &amp#27;[32mWhen &amp#27;[0m&amp#27;[32mThe user taps the Cancel button&amp#27;[0m                               &amp#27;[90m# stepdefinitions.VideoBlockerSteps.the_user_taps_the_cancel_button()&amp#27;[0m
Video Blocker popup is not displayed.
  &amp#27;[32mThen &amp#27;[0m&amp#27;[32mThe popup should close and the user remains on the home page&amp#27;[0m  &amp#27;[90m# stepdefinitions.VideoBlockerSteps.the_popup_should_close_and_the_user_remains_on_the_home_page()&amp#27;[0m
only.fail]]></system-out>
  </testcase>
  <testcase name="Validate Video blocker - Verify the Set up functionality of the video blocker popup" classname="Validate Video blocker" time="4.628">
    <system-out><![CDATA[
@video-blocker
Scenario: Verify the Set up functionality of the video blocker popup &amp#27;[90m# features/Video_Blocker.feature:16&amp#27;[0m
20:19:43.652 [main] INFO  logger.Log - Feature: Video_Blocker
20:19:43.652 [main] INFO  logger.Log - Package: features

    Verify the Set up functionality of the video blocker popup Started...

20:19:43.652 [main] INFO  logger.Log - Verify the Set up functionality of the video blocker popup Started...
Element not clickable (not displayed): Located by By.chained({AppiumBy.id: android:id/button3})
  &amp#27;[32mGiven &amp#27;[0m&amp#27;[32mThe user is on the application's home page&amp#27;[0m                   &amp#27;[90m# stepdefinitions.VideoBlockerSteps.the_user_is_on_the_application_s_home_page()&amp#27;[0m
  &amp#27;[32mGiven &amp#27;[0m&amp#27;[32mThe user is on the video blocker popup&amp#27;[0m                       &amp#27;[90m# stepdefinitions.VideoBlockerSteps.the_user_is_on_the_video_blocker_popup()&amp#27;[0m
  &amp#27;[32mWhen &amp#27;[0m&amp#27;[32mThe user taps the Set up button&amp#27;[0m                               &amp#27;[90m# stepdefinitions.VideoBlockerSteps.the_user_taps_the_set_up_button()&amp#27;[0m
  &amp#27;[32mThen &amp#27;[0m&amp#27;[32mThe user is navigated to the Preferences page&amp#27;[0m                 &amp#27;[90m# stepdefinitions.VideoBlockerSteps.the_user_is_navigated_to_the_preferences_page()&amp#27;[0m
only.fail]]></system-out>
  </testcase>
  <testcase name="Validate Watched Video Cleaner - Verify that the user can view the Watched Video Cleaner popup" classname="Validate Watched Video Cleaner" time="4.774">
    <system-out><![CDATA[
@watched-video-cleaner
Scenario: Verify that the user can view the Watched Video Cleaner popup                  &amp#27;[90m# features/Watched_Video_Cleaner.feature:7&amp#27;[0m
20:19:48.291 [main] INFO  logger.Log - Feature: Watched_Video_Cleaner
20:19:48.292 [main] INFO  logger.Log - Package: features

    Verify that the user can view the Watched Video Cleaner popup Started...

20:19:48.292 [main] INFO  logger.Log - Verify that the user can view the Watched Video Cleaner popup Started...
Element not clickable (not displayed): Located by By.chained({AppiumBy.id: android:id/button3})
  &amp#27;[32mGiven &amp#27;[0m&amp#27;[32mThe user is on the application's home page&amp#27;[0m                                       &amp#27;[90m# stepdefinitions.VideoBlockerSteps.the_user_is_on_the_application_s_home_page()&amp#27;[0m
  &amp#27;[32mWhen &amp#27;[0m&amp#27;[32mThe user taps on Watched Video Cleaner from the three-dot More Options menu&amp#27;[0m       &amp#27;[90m# stepdefinitions.WatchedVideoCleanerSteps.the_user_taps_on_watched_video_cleaner_from_the_three_dot_more_options_menu()&amp#27;[0m
  &amp#27;[32mThen &amp#27;[0m&amp#27;[32mThe user should see the Watched Video Cleaner popup with buttons Cancel and Clean&amp#27;[0m &amp#27;[90m# stepdefinitions.WatchedVideoCleanerSteps.the_user_should_see_the_watched_video_cleaner_popup_with_buttons_cancel_and_clean()&amp#27;[0m
only.fail]]></system-out>
  </testcase>
  <testcase name="Validate Watched Video Cleaner - Verify the Cancel functionality of the Watched Video Cleaner popup" classname="Validate Watched Video Cleaner" time="6.941">
    <system-out><![CDATA[
@watched-video-cleaner
Scenario: Verify the Cancel functionality of the Watched Video Cleaner popup              &amp#27;[90m# features/Watched_Video_Cleaner.feature:12&amp#27;[0m
20:19:53.057 [main] INFO  logger.Log - Feature: Watched_Video_Cleaner
20:19:53.057 [main] INFO  logger.Log - Package: features

    Verify the Cancel functionality of the Watched Video Cleaner popup Started...

20:19:53.058 [main] INFO  logger.Log - Verify the Cancel functionality of the Watched Video Cleaner popup Started...
Element not clickable (not displayed): Located by By.chained({AppiumBy.id: android:id/button3})
  &amp#27;[32mGiven &amp#27;[0m&amp#27;[32mThe user is on the application's home page&amp#27;[0m                                        &amp#27;[90m# stepdefinitions.VideoBlockerSteps.the_user_is_on_the_application_s_home_page()&amp#27;[0m
  &amp#27;[32mGiven &amp#27;[0m&amp#27;[32mThe user is on the Watched Video Cleaner popup&amp#27;[0m                                    &amp#27;[90m# stepdefinitions.WatchedVideoCleanerSteps.the_user_is_on_the_watched_video_cleaner_popup()&amp#27;[0m
  &amp#27;[32mWhen &amp#27;[0m&amp#27;[32mThe user taps the Cancel button on the Watched Video Cleaner popup&amp#27;[0m                 &amp#27;[90m# stepdefinitions.WatchedVideoCleanerSteps.the_user_taps_the_cancel_button_on_the_watched_video_cleaner_popup()&amp#27;[0m
Watched Video Cleaner popup is not displayed.
  &amp#27;[32mThen &amp#27;[0m&amp#27;[32mThe watched video cleaner popup should close and the user remains on the home page&amp#27;[0m &amp#27;[90m# stepdefinitions.WatchedVideoCleanerSteps.the_watched_video_cleaner_popup_should_close_and_the_user_remains_on_the_home_page()&amp#27;[0m
only.fail]]></system-out>
  </testcase>
  <testcase name="Validate Watched Video Cleaner - Verify the Clean functionality with both checkboxes checked" classname="Validate Watched Video Cleaner" time="29.287">
    <system-out><![CDATA[
@watched-video-cleaner
Scenario: Verify the Clean functionality with both checkboxes checked                                                  &amp#27;[90m# features/Watched_Video_Cleaner.feature:18&amp#27;[0m
20:20:00.001 [main] INFO  logger.Log - Feature: Watched_Video_Cleaner
20:20:00.002 [main] INFO  logger.Log - Package: features

    Verify the Clean functionality with both checkboxes checked Started...

20:20:00.003 [main] INFO  logger.Log - Verify the Clean functionality with both checkboxes checked Started...
Element not clickable (not displayed): Located by By.chained({AppiumBy.id: android:id/button3})
  &amp#27;[32mGiven &amp#27;[0m&amp#27;[32mThe user is on the application's home page&amp#27;[0m                                                                     &amp#27;[90m# stepdefinitions.VideoBlockerSteps.the_user_is_on_the_application_s_home_page()&amp#27;[0m
  &amp#27;[32mGiven &amp#27;[0m&amp#27;[32mThe user has some bookmarks and downloads and is on the Watched Video Cleaner popup&amp#27;[0m                            &amp#27;[90m# stepdefinitions.WatchedVideoCleanerSteps.the_user_has_some_bookmarks_and_downloads_and_is_on_the_watched_video_cleaner_popup()&amp#27;[0m
  &amp#27;[32mWhen &amp#27;[0m&amp#27;[32mThe user checks both Remove watched downloads and Remove watched bookmarks checkboxes and taps the Clean button&amp#27;[0m &amp#27;[90m# stepdefinitions.WatchedVideoCleanerSteps.the_user_checks_both_remove_watched_downloads_and_remove_watched_bookmarks_checkboxes_and_taps_the_clean_button()&amp#27;[0m
Video does not exists.
Video does not exists.
  &amp#27;[32mThen &amp#27;[0m&amp#27;[32mBoth Watched bookmarks and downloads should be removed&amp#27;[0m                                                          &amp#27;[90m# stepdefinitions.WatchedVideoCleanerSteps.both_watched_bookmarks_and_downloads_should_be_removed()&amp#27;[0m
only.fail]]></system-out>
  </testcase>
  <testcase name="Validate Watched Video Cleaner - Verify the Clean functionality with Remove watched downloads checkbox checked" classname="Validate Watched Video Cleaner" time="34.07">
    <system-out><![CDATA[
@watched-video-cleaner
Scenario: Verify the Clean functionality with Remove watched downloads checkbox checked     &amp#27;[90m# features/Watched_Video_Cleaner.feature:23&amp#27;[0m
20:20:29.287 [main] INFO  logger.Log - Feature: Watched_Video_Cleaner
20:20:29.287 [main] INFO  logger.Log - Package: features

    Verify the Clean functionality with Remove watched downloads checkbox checked Started...

20:20:29.288 [main] INFO  logger.Log - Verify the Clean functionality with Remove watched downloads checkbox checked Started...
Element not clickable (not displayed): Located by By.chained({AppiumBy.id: android:id/button3})
  &amp#27;[32mGiven &amp#27;[0m&amp#27;[32mThe user is on the application's home page&amp#27;[0m                                          &amp#27;[90m# stepdefinitions.VideoBlockerSteps.the_user_is_on_the_application_s_home_page()&amp#27;[0m
Element not clickable (not displayed): Located by By.chained({AppiumBy.androidUIAutomator: new UiSelector().text("Mark as Watched")})
Element not clickable (not displayed): Located by By.chained({AppiumBy.androidUIAutomator: new UiSelector().text("TRENDING (US)")})
Element not clickable (not displayed): Located by By.chained({AppiumBy.androidUIAutomator: new UiSelector().resourceId("free.rm.skytube.extra:id/options_button").instance(0)})
  &amp#27;[32mGiven &amp#27;[0m&amp#27;[32mThe user has some bookmarks and downloads and is on the Watched Video Cleaner popup&amp#27;[0m &amp#27;[90m# stepdefinitions.WatchedVideoCleanerSteps.the_user_has_some_bookmarks_and_downloads_and_is_on_the_watched_video_cleaner_popup()&amp#27;[0m
Checkbox already in desired state: true
Checkbox toggled to: false
  &amp#27;[32mWhen &amp#27;[0m&amp#27;[32mThe user checks only the Remove watched downloads checkbox and taps the Clean button&amp#27;[0m &amp#27;[90m# stepdefinitions.WatchedVideoCleanerSteps.the_user_checks_only_the_remove_watched_downloads_checkbox_and_taps_the_clean_button()&amp#27;[0m
Video does not exists.
  &amp#27;[32mThen &amp#27;[0m&amp#27;[32mOnly the watched downloads should be removed&amp#27;[0m                                         &amp#27;[90m# stepdefinitions.WatchedVideoCleanerSteps.only_the_watched_downloads_should_be_removed()&amp#27;[0m
only.fail]]></system-out>
  </testcase>
  <testcase name="Validate Watched Video Cleaner - Verify the Clean functionality with Remove watched bookmarks checkbox checked" classname="Validate Watched Video Cleaner" time="30.73">
    <system-out><![CDATA[
@watched-video-cleaner
Scenario: Verify the Clean functionality with Remove watched bookmarks checkbox checked     &amp#27;[90m# features/Watched_Video_Cleaner.feature:29&amp#27;[0m
20:21:03.354 [main] INFO  logger.Log - Feature: Watched_Video_Cleaner
20:21:03.354 [main] INFO  logger.Log - Package: features

    Verify the Clean functionality with Remove watched bookmarks checkbox checked Started...

20:21:03.355 [main] INFO  logger.Log - Verify the Clean functionality with Remove watched bookmarks checkbox checked Started...
Element not clickable (not displayed): Located by By.chained({AppiumBy.id: android:id/button3})
  &amp#27;[32mGiven &amp#27;[0m&amp#27;[32mThe user is on the application's home page&amp#27;[0m                                          &amp#27;[90m# stepdefinitions.VideoBlockerSteps.the_user_is_on_the_application_s_home_page()&amp#27;[0m
Element not clickable (not displayed): Located by By.chained({AppiumBy.androidUIAutomator: new UiSelector().text("Bookmark")})
Element not clickable (not displayed): Located by By.chained({AppiumBy.accessibilityId: Bookmarks})
Element not clickable (not displayed): Located by By.chained({AppiumBy.id: free.rm.skytube.extra:id/options_button})
Element not clickable (not displayed): Located by By.chained({AppiumBy.androidUIAutomator: new UiSelector().text("Mark as Watched")})
Element not clickable (not displayed): Located by By.chained({AppiumBy.androidUIAutomator: new UiSelector().text("TRENDING (US)")})
Element not clickable (not displayed): Located by By.chained({AppiumBy.androidUIAutomator: new UiSelector().resourceId("free.rm.skytube.extra:id/options_button").instance(0)})
  &amp#27;[32mGiven &amp#27;[0m&amp#27;[32mThe user has some bookmarks and downloads and is on the Watched Video Cleaner popup&amp#27;[0m &amp#27;[90m# stepdefinitions.WatchedVideoCleanerSteps.the_user_has_some_bookmarks_and_downloads_and_is_on_the_watched_video_cleaner_popup()&amp#27;[0m
Checkbox already in desired state: true
Checkbox toggled to: false
  &amp#27;[32mWhen &amp#27;[0m&amp#27;[32mThe user checks only the Remove watched bookmarks checkbox and taps the Clean button&amp#27;[0m &amp#27;[90m# stepdefinitions.WatchedVideoCleanerSteps.the_user_checks_only_the_remove_watched_bookmarks_checkbox_and_taps_the_clean_button()&amp#27;[0m
Video does not exists.
  &amp#27;[32mThen &amp#27;[0m&amp#27;[32mOnly the watched bookmarks should be removed&amp#27;[0m                                         &amp#27;[90m# stepdefinitions.WatchedVideoCleanerSteps.only_the_watched_bookmarks_should_be_removed()&amp#27;[0m
only.fail]]></system-out>
  </testcase>
</testsuite>